<?xml version="1.0" encoding="UTF-8"?>
<!-- Generated by org.testng.reporters.JUnitReportReporter -->
<testsuite name="MyRunner.TestRunner" tests="1" time="33.784" ignored="0" failures="0" timestamp="05 Apr 2020 07:04:25 GMT" skipped="0" hostname="Admin-PC" errors="0">
  <testcase name="feature" time="33.784" classname="MyRunner.TestRunner"/>
</testsuite> <!-- MyRunner.TestRunner -->
